============================= test session starts ==============================
platform linux -- Python 3.12.13, pytest-8.2.2, pluggy-1.6.0 -- /public/nagvijay-smart-monitoring-system/backend/.venv/bin/python
cachedir: .pytest_cache
rootdir: /public/nagvijay-smart-monitoring-system/backend
plugins: asyncio-0.23.7, anyio-4.14.2, cov-7.1.0
asyncio: mode=Mode.STRICT
collecting ... collected 0 items / 1 error

==================================== ERRORS ====================================
_______ ERROR collecting tests/unit/test_daily_office_report_service.py ________
.venv/lib/python3.12/site-packages/_pytest/python.py:492: in importtestmodule
    mod = import_path(
.venv/lib/python3.12/site-packages/_pytest/pathlib.py:591: in import_path
    importlib.import_module(module_name)
/usr/lib/python3.12/importlib/__init__.py:90: in import_module
    return _bootstrap._gcd_import(name[level:], package, level)
<frozen importlib._bootstrap>:1387: in _gcd_import
    ???
<frozen importlib._bootstrap>:1360: in _find_and_load
    ???
<frozen importlib._bootstrap>:1331: in _find_and_load_unlocked
    ???
<frozen importlib._bootstrap>:935: in _load_unlocked
    ???
.venv/lib/python3.12/site-packages/_pytest/assertion/rewrite.py:169: in exec_module
    source_stat, co = _rewrite_test(fn, self.config)
.venv/lib/python3.12/site-packages/_pytest/assertion/rewrite.py:349: in _rewrite_test
    tree = ast.parse(source, filename=strfn)
/usr/lib/python3.12/ast.py:52: in parse
    return compile(source, filename, mode, flags,
E     File "/public/nagvijay-smart-monitoring-system/backend/tests/unit/test_daily_office_report_service.py", line 71
E       with pytest.raises(ValueError, match="report_date is 
E                                            ^
E   SyntaxError: unterminated string literal (detected at line 71)
------------------------------- Captured stdout --------------------------------

==================================
REGISTERED ROUTES
==================================
GET             /api/v1/health/
GET             /api/v1/health
GET             /api/v1/health/ready
GET             /api/v1/health/live
POST            /api/v1/auth/register
POST            /api/v1/auth/login
POST            /api/v1/auth/refresh
GET             /api/v1/auth/me
POST            /api/v1/auth/logout
GET             /api/v1/offices
GET             /api/v1/offices/stats
GET             /api/v1/offices/{office_id}
POST            /api/v1/offices
PUT             /api/v1/offices/{office_id}
DELETE          /api/v1/offices/{office_id}
POST            /api/v1/offices/bulk-import
GET             /api/v1/offices/stats
GET             /api/v1/daily-reports/
GET             /api/v1/daily-reports/summary
GET             /api/v1/daily-reports/export
GET             /api/v1/daily-reports/non-reporting
GET             /api/v1/daily-reports/{report_id}
POST            /api/v1/reports/generate
GET             /api/v1/reports/dpr
GET             /api/v1/reports/monthly
GET             /api/v1/reports/export
POST            /api/v1/integrations/forms/webhook
GET             /api/v1/integrations/sheets/status
POST            /api/v1/integrations/sheets/read
POST            /api/v1/integrations/n8n/trigger
POST            /api/v1/integrations/sheets/sync-daily-office-report
GET             /api/v1/integrations/status
POST            /api/v1/integrations/forms/webhook
POST            /api/v1/integrations/forms/webhook
GET             /
GET             /health
==================================

=============================== warnings summary ===============================
.venv/lib/python3.12/site-packages/pydantic/_internal/_config.py:284: 10 warnings
  /public/nagvijay-smart-monitoring-system/backend/.venv/lib/python3.12/site-packages/pydantic/_internal/_config.py:284: PydanticDeprecatedSince20: Support for class-based `config` is deprecated, use ConfigDict instead. Deprecated in Pydantic V2.0 to be removed in V3.0. See Pydantic V2 Migration Guide at https://errors.pydantic.dev/2.7/migration/
    warnings.warn(DEPRECATION_MESSAGE, DeprecationWarning)

.venv/lib/python3.12/site-packages/pydantic/fields.py:804
  /public/nagvijay-smart-monitoring-system/backend/.venv/lib/python3.12/site-packages/pydantic/fields.py:804: PydanticDeprecatedSince20: Using extra keyword arguments on `Field` is deprecated and will be removed. Use `json_schema_extra` instead. (Extra keys: 'example'). Deprecated in Pydantic V2.0 to be removed in V3.0. See Pydantic V2 Migration Guide at https://errors.pydantic.dev/2.7/migration/
    warn(

.venv/lib/python3.12/site-packages/passlib/utils/__init__.py:854
  /public/nagvijay-smart-monitoring-system/backend/.venv/lib/python3.12/site-packages/passlib/utils/__init__.py:854: DeprecationWarning: 'crypt' is deprecated and slated for removal in Python 3.13
    from crypt import crypt as _crypt

app/api/v1/daily_reports.py:47
  /public/nagvijay-smart-monitoring-system/backend/app/api/v1/daily_reports.py:47: DeprecationWarning: `regex` has been deprecated, please use `pattern` instead
    format: str = Query(default="csv", regex="^(csv|json)$"),

app/api/v1/reports.py:45
  /public/nagvijay-smart-monitoring-system/backend/app/api/v1/reports.py:45: DeprecationWarning: `example` has been deprecated, please use `examples` instead
    financial_year: str = Query(..., pattern=r"^\d{4}-\d{2}$", example="2024-25"),

-- Docs: https://docs.pytest.org/en/stable/how-to/capture-warnings.html
=========================== short test summary info ============================
ERROR tests/unit/test_daily_office_report_service.py
!!!!!!!!!!!!!!!!!!!! Interrupted: 1 error during collection !!!!!!!!!!!!!!!!!!!!
======================== 14 warnings, 1 error in 2.14s =========================
